<?xml version="1.0" encoding="UTF-8"?>
<!-- Generated by org.testng.reporters.JUnitReportReporter -->
<testsuite hostname="DESKTOP-8DIGU3M" failures="0" tests="1" name="com.pointofsale.Tocreatepos1Test" time="18.170" errors="0" timestamp="2024-02-28T17:43:42 IST" skipped="0">
  <testcase classname="com.pointofsale.Tocreatepos1Test" name="tOAdd_Customer" time="18.170"/>
</testsuite> <!-- com.pointofsale.Tocreatepos1Test -->
