<?xml version="1.0" encoding="UTF-8"?>
<!-- Generated by org.testng.reporters.JUnitReportReporter -->
<testsuite hostname="DESKTOP-8DIGU3M" failures="0" tests="1" name="com.TestNG.assertion.Hardassertion" time="4.141" errors="0" timestamp="2024-02-29T12:54:38 IST" skipped="0">
  <testcase classname="com.TestNG.assertion.Hardassertion" name="hardassert" time="4.141"/>
</testsuite> <!-- com.TestNG.assertion.Hardassertion -->
