<?xml version="1.0" encoding="UTF-8"?>
<!-- Generated by org.testng.reporters.JUnitReportReporter -->
<testsuite hostname="DESKTOP-8DIGU3M" failures="0" tests="1" name="com.supplier.ToCreateSupplierPomTest" time="4.850" errors="0" timestamp="2024-02-28T16:29:50 IST" skipped="0">
  <testcase classname="com.supplier.ToCreateSupplierPomTest" name="ToCreateSupplier" time="4.850"/>
</testsuite> <!-- com.supplier.ToCreateSupplierPomTest -->
