<?xml version="1.0" encoding="UTF-8"?>
<!-- Generated by org.testng.reporters.JUnitReportReporter -->
<testsuite hostname="DESKTOP-8DIGU3M" failures="0" tests="1" name="com.pointofsale.p1test" time="12.070" errors="0" timestamp="2024-02-28T16:24:46 IST" skipped="0">
  <testcase classname="com.pointofsale.p1test" name="tOAdd_Customer" time="12.070"/>
</testsuite> <!-- com.pointofsale.p1test -->
