<?xml version="1.0" encoding="UTF-8"?>
<!-- Generated by org.testng.reporters.JUnitReportReporter -->
<testsuite hostname="DESKTOP-8DIGU3M" failures="0" tests="4" name="com.TestNG.ExecutDataProviderTest" time="0.011" errors="0" timestamp="2024-02-26T17:11:30 IST" skipped="0">
  <testcase classname="com.TestNG.ExecutDataProviderTest" name="excelData" time="0.002"/>
  <testcase classname="com.TestNG.ExecutDataProviderTest" name="excelData" time="0.007"/>
  <testcase classname="com.TestNG.ExecutDataProviderTest" name="excelData" time="0.001"/>
  <testcase classname="com.TestNG.ExecutDataProviderTest" name="excelData" time="0.001"/>
</testsuite> <!-- com.TestNG.ExecutDataProviderTest -->
