<?xml version="1.0" encoding="UTF-8"?>
<!-- Generated by org.testng.reporters.JUnitReportReporter -->
<testsuite hostname="DESKTOP-8DIGU3M" failures="0" tests="2" name="com.TestNG.TraverTest" time="0.007" errors="0" timestamp="2024-02-26T15:12:01 IST" skipped="0">
  <testcase classname="com.TestNG.TraverTest" name="company" time="0.006"/>
  <testcase classname="com.TestNG.TraverTest" name="company" time="0.001"/>
</testsuite> <!-- com.TestNG.TraverTest -->
