<?xml version="1.0" encoding="UTF-8"?>
<!-- Generated by org.testng.reporters.JUnitReportReporter -->
<testsuite hostname="DESKTOP-8DIGU3M" failures="0" tests="2" name="com.TestNG.groupexecution2_Test" time="1.827" errors="0" timestamp="2024-02-27T17:42:24 IST" skipped="0">
  <testcase classname="com.TestNG.groupexecution2_Test" name="pos" time="0.973"/>
  <testcase classname="com.TestNG.groupexecution2_Test" name="customer" time="0.854"/>
</testsuite> <!-- com.TestNG.groupexecution2_Test -->
