<?xml version="1.0" encoding="UTF-8"?>
<!-- Generated by org.testng.reporters.JUnitReportReporter -->
<testsuite hostname="DESKTOP-8DIGU3M" failures="0" tests="2" name="com.TestNG.Demo1" time="0.010" errors="0" timestamp="2024-02-28T18:33:33 IST" skipped="0">
  <testcase classname="com.TestNG.Demo1" name="Test2" time="0.004"/>
  <testcase classname="com.TestNG.Demo1" name="Test1" time="0.006"/>
</testsuite> <!-- com.TestNG.Demo1 -->
