<?xml version="1.0" encoding="UTF-8"?>
<!-- Generated by org.testng.reporters.JUnitReportReporter -->
<testsuite hostname="DESKTOP-8DIGU3M" failures="0" tests="2" name="com.TestNG.demo3" time="0.002" errors="0" timestamp="2024-02-28T18:33:33 IST" skipped="0">
  <testcase classname="com.TestNG.demo3" name="Test2" time="0.001"/>
  <testcase classname="com.TestNG.demo3" name="Test1" time="0.001"/>
</testsuite> <!-- com.TestNG.demo3 -->
