<?xml version="1.0" encoding="UTF-8"?>
<!-- Generated by org.testng.reporters.JUnitReportReporter -->
<testsuite hostname="DESKTOP-8DIGU3M" failures="0" tests="1" name="com.CustomerModule.PomCustomerModule1Test" time="2.811" errors="0" timestamp="2024-02-28T16:23:35 IST" skipped="0">
  <testcase classname="com.CustomerModule.PomCustomerModule1Test" name="ToCreateCustomer" time="2.811"/>
</testsuite> <!-- com.CustomerModule.PomCustomerModule1Test -->
