<?xml version="1.0" encoding="UTF-8"?>
<!-- Generated by org.testng.reporters.JUnitReportReporter -->
<testsuite hostname="DESKTOP-8DIGU3M" failures="0" tests="2" name="com.TestNG.Practice" time="3.143" errors="0" timestamp="2024-02-27T13:29:06 IST" skipped="0">
  <testcase classname="com.TestNG.Practice" name="testscript1" time="1.683"/>
  <testcase classname="com.TestNG.Practice" name="testscript2" time="1.460"/>
</testsuite> <!-- com.TestNG.Practice -->
