<?xml version="1.0" encoding="UTF-8"?>
<!-- Generated by org.testng.reporters.JUnitReportReporter -->
<testsuite hostname="DESKTOP-8DIGU3M" failures="0" tests="2" name="com.TestNG.batchexecution2_Test" time="0.012" errors="0" timestamp="2024-02-27T16:39:15 IST" skipped="0">
  <testcase classname="com.TestNG.batchexecution2_Test" name="customer" time="0.011"/>
  <testcase classname="com.TestNG.batchexecution2_Test" name="pos" time="0.001"/>
</testsuite> <!-- com.TestNG.batchexecution2_Test -->
