<?xml version="1.0" encoding="UTF-8"?>
<!-- Generated by org.testng.reporters.JUnitReportReporter -->
<testsuite hostname="DESKTOP-8DIGU3M" failures="0" tests="1" name="com.Employee.ToCreateEmployeeTestngTest" time="3.785" errors="0" timestamp="2024-02-28T16:19:35 IST" skipped="0">
  <testcase classname="com.Employee.ToCreateEmployeeTestngTest" name="ToCreate" time="3.785"/>
</testsuite> <!-- com.Employee.ToCreateEmployeeTestngTest -->
