<?xml version="1.0" encoding="UTF-8"?>
<!-- Generated by org.testng.reporters.JUnitReportReporter -->
<testsuite hostname="DESKTOP-8DIGU3M" failures="0" tests="1" name="com.TestNG.groupexecution1_Test" time="0.803" errors="0" timestamp="2024-02-27T17:42:24 IST" skipped="0">
  <testcase classname="com.TestNG.groupexecution1_Test" name="product" time="0.803"/>
</testsuite> <!-- com.TestNG.groupexecution1_Test -->
