<?xml version="1.0" encoding="UTF-8"?>
<!-- Generated by org.testng.reporters.JUnitReportReporter -->
<testsuite hostname="DESKTOP-8DIGU3M" failures="0" tests="2" name="com.TestNG.batchexecution1_Test" time="0.004" errors="0" timestamp="2024-02-27T16:39:15 IST" skipped="0">
  <testcase classname="com.TestNG.batchexecution1_Test" name="product" time="0.001"/>
  <testcase classname="com.TestNG.batchexecution1_Test" name="supplier" time="0.003"/>
</testsuite> <!-- com.TestNG.batchexecution1_Test -->
