<?xml version="1.0" encoding="UTF-8"?>
<!-- Generated by org.testng.reporters.JUnitReportReporter -->
<testsuite hostname="DESKTOP-8DIGU3M" failures="0" tests="1" name="com.TestNG.GetData" time="2.444" errors="0" timestamp="2024-02-26T17:28:04 IST" skipped="0">
  <testcase classname="com.TestNG.GetData" name="getdata" time="2.444"/>
</testsuite> <!-- com.TestNG.GetData -->
