<?xml version="1.0" encoding="UTF-8"?>
<!-- Generated by org.testng.reporters.JUnitReportReporter -->
<testsuite hostname="DESKTOP-8DIGU3M" failures="0" tests="2" name="com.TestNG.Demo5" time="0.002" errors="0" timestamp="2024-02-28T09:32:24 IST" skipped="0">
  <testcase classname="com.TestNG.Demo5" name="Test2" time="0.002"/>
  <testcase classname="com.TestNG.Demo5" name="Test1" time="0.000"/>
</testsuite> <!-- com.TestNG.Demo5 -->
