<?xml version="1.0" encoding="UTF-8"?>
<!-- Generated by org.testng.reporters.JUnitReportReporter -->
<testsuite hostname="DESKTOP-8DIGU3M" failures="0" tests="2" name="com.TestNG.demo2" time="0.005" errors="0" timestamp="2024-02-28T18:33:33 IST" skipped="0">
  <testcase classname="com.TestNG.demo2" name="Test2" time="0.003"/>
  <testcase classname="com.TestNG.demo2" name="Test1" time="0.002"/>
</testsuite> <!-- com.TestNG.demo2 -->
