<?xml version="1.0" encoding="UTF-8"?>
<!-- Generated by org.testng.reporters.JUnitReportReporter -->
<testsuite hostname="DESKTOP-8DIGU3M" failures="0" tests="4" name="com.TestNG.ExecuteDptest" time="0.012" errors="0" timestamp="2024-02-26T16:41:17 IST" skipped="0">
  <testcase classname="com.TestNG.ExecuteDptest" name="getData" time="0.001"/>
  <testcase classname="com.TestNG.ExecuteDptest" name="getData" time="0.001"/>
  <testcase classname="com.TestNG.ExecuteDptest" name="getData" time="0.002"/>
  <testcase classname="com.TestNG.ExecuteDptest" name="getData" time="0.008"/>
</testsuite> <!-- com.TestNG.ExecuteDptest -->
