<?xml version="1.0" encoding="UTF-8"?>
<!-- Generated by org.testng.reporters.JUnitReportReporter -->
<testsuite hostname="DESKTOP-8DIGU3M" failures="0" tests="2" name="com.TestNG.DataProviderTest" time="0.010" errors="0" timestamp="2024-02-26T13:34:55 IST" skipped="0">
  <testcase classname="com.TestNG.DataProviderTest" name="company" time="0.008"/>
  <testcase classname="com.TestNG.DataProviderTest" name="company" time="0.002"/>
</testsuite> <!-- com.TestNG.DataProviderTest -->
