<?xml version="1.0" encoding="UTF-8"?>
<!-- Generated by org.testng.reporters.JUnitReportReporter -->
<testsuite hostname="DESKTOP-8DIGU3M" failures="0" tests="1" name="com.supplier.ToCreateSupplierPosTest" time="4.793" errors="0" timestamp="2024-02-28T16:36:22 IST" skipped="0">
  <testcase classname="com.supplier.ToCreateSupplierPosTest" name="ToCreateSupplier" time="4.793"/>
</testsuite> <!-- com.supplier.ToCreateSupplierPosTest -->
