<?xml version="1.0" encoding="UTF-8"?>
<!-- Generated by org.testng.reporters.JUnitReportReporter -->
<testsuite hostname="DESKTOP-8DIGU3M" failures="0" tests="2" name="com.TestNG.annotation2test" time="0.006" errors="0" timestamp="2024-02-27T20:30:10 IST" skipped="0">
  <testcase classname="com.TestNG.annotation2test" name="test1" time="0.002"/>
  <testcase classname="com.TestNG.annotation2test" name="test" time="0.004"/>
</testsuite> <!-- com.TestNG.annotation2test -->
