<?xml version="1.0" encoding="UTF-8"?>
<!-- Generated by org.testng.reporters.JUnitReportReporter -->
<testsuite hostname="DESKTOP-8DIGU3M" failures="0" tests="1" name="com.Practice.Package.ReadDataFromCmdTest" time="0.013" errors="0" timestamp="2024-02-14T16:12:07 IST" skipped="0">
  <testcase classname="com.Practice.Package.ReadDataFromCmdTest" name="readDataTest" time="0.013"/>
  <system-out/>
</testsuite> <!-- com.Practice.Package.ReadDataFromCmdTest -->
